<?xml version="1.0" encoding="UTF-8" ?>
<testsuite tests="9" failures="0" name="arso.restaurantes.test.ServicioRestauranteTest" time="9.101" errors="0" skipped="0">
  <properties>
    <property name="jansi.mode" value="force"/>
    <property name="java.runtime.name" value="OpenJDK Runtime Environment"/>
    <property name="java.vm.version" value="17.0.6+10"/>
    <property name="sun.boot.library.path" value="C:\Program Files\eclipse\plugins\org.eclipse.justj.openjdk.hotspot.jre.full.win32.x86_64_17.0.6.v20230125-1136\jre\bin"/>
    <property name="maven.multiModuleProjectDirectory" value="C:\Users\Silvia\git\proyecto_arso\restaurantes"/>
    <property name="java.vm.vendor" value="Eclipse Adoptium"/>
    <property name="java.vendor.url" value="https://adoptium.net/"/>
    <property name="guice.disable.misplaced.annotation.check" value="true"/>
    <property name="path.separator" value=";"/>
    <property name="java.vm.name" value="OpenJDK 64-Bit Server VM"/>
    <property name="sun.os.patch.level" value=""/>
    <property name="user.script" value=""/>
    <property name="user.country" value="ES"/>
    <property name="sun.java.launcher" value="SUN_STANDARD"/>
    <property name="java.vm.specification.name" value="Java Virtual Machine Specification"/>
    <property name="user.dir" value="C:\Users\Silvia\git\proyecto_arso\restaurantes"/>
    <property name="java.vm.compressedOopsMode" value="Zero based"/>
    <property name="java.runtime.version" value="17.0.6+10"/>
    <property name="os.arch" value="amd64"/>
    <property name="java.io.tmpdir" value="C:\Users\Silvia\AppData\Local\Temp\"/>
    <property name="line.separator" value="
"/>
    <property name="java.vm.specification.vendor" value="Oracle Corporation"/>
    <property name="user.variant" value=""/>
    <property name="os.name" value="Windows 10"/>
    <property name="classworlds.conf" value="C:\Users\Silvia\eclipse-workspace\.metadata\.plugins\org.eclipse.m2e.launching\launches\m2conf763219797919786689.tmp"/>
    <property name="sun.jnu.encoding" value="Cp1252"/>
    <property name="java.library.path" value="C:\Program Files\eclipse\plugins\org.eclipse.justj.openjdk.hotspot.jre.full.win32.x86_64_17.0.6.v20230125-1136\jre\bin;C:\Windows\Sun\Java\bin;C:\Windows\system32;C:\Windows;C:/Program Files/eclipse//plugins/org.eclipse.justj.openjdk.hotspot.jre.full.win32.x86_64_17.0.6.v20230204-1729/jre/bin/server;C:/Program Files/eclipse//plugins/org.eclipse.justj.openjdk.hotspot.jre.full.win32.x86_64_17.0.6.v20230204-1729/jre/bin;C:\Program Files (x86)\Common Files\Oracle\Java\javapath;C:\Windows\system32;C:\Windows;C:\Windows\System32\Wbem;C:\Windows\System32\WindowsPowerShell\v1.0\;C:\Windows\System32\OpenSSH\;C:\Program Files\Git\cmd;C:\Program Files\dotnet\;C:\Program Files (x86)\NVIDIA Corporation\PhysX\Common;C:\Users\Silvia\AppData\Local\Programs\Python\Python311\Scripts\;C:\Users\Silvia\AppData\Local\Programs\Python\Python311\;C:\Users\Silvia\AppData\Local\Microsoft\WindowsApps;C:\Users\Silvia\AppData\Local\Programs\Microsoft VS Code\bin;C:\Users\Silvia\AppData\Local\GitHubDesktop\bin;C:\Users\Silvia\.dotnet\tools;C:\Program Files\eclipse;;."/>
    <property name="jdk.debug" value="release"/>
    <property name="java.class.version" value="61.0"/>
    <property name="java.specification.name" value="Java Platform API Specification"/>
    <property name="sun.management.compiler" value="HotSpot 64-Bit Tiered Compilers"/>
    <property name="os.version" value="10.0"/>
    <property name="user.home" value="C:\Users\Silvia"/>
    <property name="user.timezone" value="Europe/Madrid"/>
    <property name="file.encoding" value="UTF-8"/>
    <property name="java.specification.version" value="17"/>
    <property name="user.name" value="Silvia"/>
    <property name="java.class.path" value="C:\Program Files\eclipse\plugins\org.eclipse.m2e.maven.runtime_3.8.701.20230209-1606\jars\plexus-classworlds-2.6.0.jar"/>
    <property name="java.vm.specification.version" value="17"/>
    <property name="sun.arch.data.model" value="64"/>
    <property name="sun.java.command" value="org.codehaus.plexus.classworlds.launcher.Launcher -B -Dstyle.color=always install"/>
    <property name="java.home" value="C:\Program Files\eclipse\plugins\org.eclipse.justj.openjdk.hotspot.jre.full.win32.x86_64_17.0.6.v20230125-1136\jre"/>
    <property name="user.language" value="es"/>
    <property name="java.specification.vendor" value="Oracle Corporation"/>
    <property name="java.vm.info" value="mixed mode"/>
    <property name="java.version" value="17.0.6"/>
    <property name="native.encoding" value="Cp1252"/>
    <property name="java.vendor" value="Eclipse Adoptium"/>
    <property name="maven.home" value="C:\Users\Silvia\git\proyecto_arso\restaurantes\EMBEDDED"/>
    <property name="style.color" value="always"/>
    <property name="file.separator" value="\"/>
    <property name="java.version.date" value="2023-01-17"/>
    <property name="java.vendor.url.bug" value="https://github.com/adoptium/adoptium-support/issues"/>
    <property name="sun.io.unicode.encoding" value="UnicodeLittle"/>
    <property name="sun.cpu.endian" value="little"/>
    <property name="java.vendor.version" value="Temurin-17.0.6+10"/>
    <property name="m2e.build.project.data.socket.port" value="56671"/>
    <property name="sun.cpu.isalist" value="amd64"/>
  </properties>
  <testcase classname="arso.restaurantes.test.ServicioRestauranteTest" name="testEntidadNoEncontrada" time="0.812"/>
  <testcase classname="arso.restaurantes.test.ServicioRestauranteTest" name="testRemoveRestaurante" time="0.676"/>
  <testcase classname="arso.restaurantes.test.ServicioRestauranteTest" name="testCreateRestaurante" time="0.566"/>
  <testcase classname="arso.restaurantes.test.ServicioRestauranteTest" name="testGetListadoRestaurantes" time="3.613"/>
  <testcase classname="arso.restaurantes.test.ServicioRestauranteTest" name="testUpdateRestaurante" time="0.766"/>
  <testcase classname="arso.restaurantes.test.ServicioRestauranteTest" name="tesAddPlato" time="0.749"/>
  <testcase classname="arso.restaurantes.test.ServicioRestauranteTest" name="tesRemovePlato" time="0.829"/>
  <testcase classname="arso.restaurantes.test.ServicioRestauranteTest" name="testGetRestaurante" time="0.456"/>
  <testcase classname="arso.restaurantes.test.ServicioRestauranteTest" name="testUpdatePlato" time="0.634"/>
</testsuite>